<?xml version="1.0" encoding="UTF-8"?>
<!-- Generated by org.testng.reporters.JUnitReportReporter -->
<testsuite hostname="LAPTOP-2DHTLVVT" failures="0" tests="1" name="Doctor.TestCase2Test" time="0.022" errors="0" timestamp="2024-03-09T12:57:44 IST" skipped="0">
  <testcase classname="Doctor.TestCase2Test" name="test2" time="0.022"/>
  <system-out/>
</testsuite> <!-- Doctor.TestCase2Test -->
